<?xml version="1.0" encoding="UTF-8"?>
<!-- Generated by org.testng.reporters.JUnitReportReporter -->
<testsuite hostname="DESKTOP-UJ1ABA6" failures="0" tests="1" name="testlayer.LoginTest" time="15.481" errors="0" timestamp="2022-09-06T22:57:05 IST" skipped="0">
  <testcase classname="testlayer.LoginTest" name="toVerifySearchAppleProduct" time="15.481"/>
  <system-out/>
</testsuite> <!-- testlayer.LoginTest -->
